TN:
SF:/home/ubuntu/Desktop/blockchain/Ethereum/tomoGame/contracts/AccessControl.sol
FN:6,constructor
FN:10,onlyCeo
FN:15,setCeo
FNF:3
FNH:3
FNDA:16,constructor
FNDA:58,onlyCeo
FNDA:3,setCeo
DA:7,16
DA:11,58
DA:12,50
DA:16,3
DA:17,1
LF:5
LH:5
BRDA:11,1,0,50
BRDA:11,1,1,8
BRDA:16,2,0,1
BRDA:16,2,1,2
BRF:4
BRH:4
end_of_record
TN:
SF:/home/ubuntu/Desktop/blockchain/Ethereum/tomoGame/contracts/Factory.sol
FN:9,createGame
FN:19,getAllGames
FN:23,
FNF:3
FNH:2
FNDA:2,createGame
FNDA:1,getAllGames
FNDA:0,
DA:14,2
DA:15,2
DA:16,2
DA:20,1
LF:4
LH:4
BRF:0
BRH:0
end_of_record
TN:
SF:/home/ubuntu/Desktop/blockchain/Ethereum/tomoGame/contracts/Game.sol
FN:24,constructor
FN:28,hasBounty
FN:33,beforeDeadline
FN:38,setBounty
FN:46,transferAlias
FN:55,containArray
FN:70,setQuestion
FN:82,answer
FN:99,shareQuestionBounty
FN:139,shareBounty
FN:160,safeAdd
FN:164,safeSub
FN:168,safeMul
FN:172,safeDiv
FN:177,getAllPlayers
FN:181,getCorrectAddressByQuestion
FNF:16
FNH:13
FNDA:11,constructor
FNDA:4,hasBounty
FNDA:40,beforeDeadline
FNDA:6,setBounty
FNDA:5,transferAlias
FNDA:62,containArray
FNDA:22,setQuestion
FNDA:36,answer
FNDA:19,shareQuestionBounty
FNDA:2,shareBounty
FNDA:30,safeAdd
FNDA:0,safeSub
FNDA:0,safeMul
FNDA:0,safeDiv
FNDA:1,getAllPlayers
FNDA:1,getCorrectAddressByQuestion
DA:25,11
DA:29,4
DA:30,2
DA:34,40
DA:35,36
DA:42,6
DA:43,4
DA:47,5
DA:49,5
DA:50,3
DA:51,1
DA:60,62
DA:61,62
DA:62,48
DA:63,20
DA:64,20
DA:67,62
DA:74,22
DA:75,18
DA:76,18
DA:77,18
DA:78,18
DA:79,18
DA:87,36
DA:88,36
DA:89,34
DA:90,32
DA:91,30
DA:92,30
DA:93,30
DA:94,30
DA:95,12
DA:103,19
DA:104,17
DA:105,15
DA:107,15
DA:108,27
DA:109,22
DA:110,22
DA:114,15
DA:115,12
DA:116,12
DA:117,22
DA:119,12
DA:120,12
DA:123,3
DA:130,15
DA:131,5
DA:132,2
DA:133,2
DA:144,2
DA:145,2
DA:147,2
DA:148,1
DA:149,1
DA:150,2
DA:154,1
DA:157,2
DA:161,30
DA:162,30
DA:165,0
DA:166,0
DA:169,0
DA:170,0
DA:173,0
DA:174,0
DA:178,1
DA:182,1
LF:68
LH:62
BRDA:29,1,0,2
BRDA:29,1,1,2
BRDA:34,2,0,36
BRDA:34,2,1,4
BRDA:42,3,0,4
BRDA:42,3,1,2
BRDA:49,4,0,3
BRDA:49,4,1,2
BRDA:50,5,0,1
BRDA:50,5,1,2
BRDA:62,6,0,20
BRDA:62,6,1,28
BRDA:74,7,0,18
BRDA:74,7,1,4
BRDA:75,8,0,18
BRDA:75,8,1,0
BRDA:87,9,0,36
BRDA:87,9,1,0
BRDA:88,10,0,34
BRDA:88,10,1,2
BRDA:89,11,0,32
BRDA:89,11,1,2
BRDA:90,12,0,30
BRDA:90,12,1,2
BRDA:94,13,0,12
BRDA:94,13,1,18
BRDA:103,14,0,17
BRDA:103,14,1,2
BRDA:104,15,0,15
BRDA:104,15,1,2
BRDA:105,16,0,15
BRDA:105,16,1,0
BRDA:108,17,0,22
BRDA:108,17,1,5
BRDA:114,18,0,12
BRDA:114,18,1,3
BRDA:130,19,0,5
BRDA:130,19,1,10
BRDA:132,20,0,2
BRDA:132,20,1,0
BRDA:144,21,0,2
BRDA:144,21,1,0
BRDA:145,22,0,2
BRDA:145,22,1,0
BRDA:147,23,0,1
BRDA:147,23,1,1
BRDA:162,24,0,30
BRDA:162,24,1,0
BRDA:165,25,0,0
BRDA:165,25,1,0
BRDA:170,26,0,0
BRDA:170,26,1,0
BRDA:173,27,0,0
BRDA:173,27,1,0
BRF:54
BRH:41
end_of_record
